[debug] [2021-05-23T17:57:07.777Z] ----------------------------------------------------------------------
[debug] [2021-05-23T17:57:07.778Z] Command:       D:\Program Files Installed\NodeJS\node.exe C:\Users\Akshai\AppData\Roaming\npm\node_modules\firebase-tools\lib\bin\firebase.js init
[debug] [2021-05-23T17:57:07.779Z] CLI Version:   9.11.0
[debug] [2021-05-23T17:57:07.779Z] Platform:      win32
[debug] [2021-05-23T17:57:07.779Z] Node Version:  v14.17.0
[debug] [2021-05-23T17:57:07.780Z] Time:          Sun May 23 2021 13:57:07 GMT-0400 (Eastern Daylight Time)
[debug] [2021-05-23T17:57:07.780Z] ----------------------------------------------------------------------
[debug] 
[debug] [2021-05-23T17:57:07.785Z] > command requires scopes: ["email","openid","https://www.googleapis.com/auth/cloudplatformprojects.readonly","https://www.googleapis.com/auth/firebase","https://www.googleapis.com/auth/cloud-platform"]
[debug] [2021-05-23T17:57:07.785Z] > authorizing via signed-in user (akshai.addaguduru@gmail.com)
[info] 
     ######## #### ########  ######## ########     ###     ######  ########
     ##        ##  ##     ## ##       ##     ##  ##   ##  ##       ##
     ######    ##  ########  ######   ########  #########  ######  ######
     ##        ##  ##    ##  ##       ##     ## ##     ##       ## ##
     ##       #### ##     ## ######## ########  ##     ##  ######  ########

You're about to initialize a Firebase project in this directory:

  F:\GIT\projects\angular_projects\e-commerce_project\oshop

Before we get started, keep in mind:

  * You are initializing in an existing Firebase project directory

[info] 
=== Project Setup
[info] 
[info] First, let's associate this project directory with a Firebase project.
[info] You can create multiple project aliases by running firebase use --add, 
[info] but for now we'll just set up a default project.
[info] 
[debug] [2021-05-23T17:57:42.365Z] > refreshing access token with scopes: []
[debug] [2021-05-23T17:57:42.365Z] >>> HTTP REQUEST POST https://www.googleapis.com/oauth2/v3/token  
 <request body omitted>
[debug] [2021-05-23T17:57:42.620Z] <<< HTTP RESPONSE 200 {"date":"Sun, 23 May 2021 17:57:42 GMT","expires":"Mon, 01 Jan 1990 00:00:00 GMT","pragma":"no-cache","cache-control":"no-cache, no-store, max-age=0, must-revalidate","content-type":"application/json; charset=utf-8","vary":"X-Origin, Referer, Origin,Accept-Encoding","server":"scaffolding on HTTPServer2","x-xss-protection":"0","x-frame-options":"SAMEORIGIN","x-content-type-options":"nosniff","alt-svc":"h3-29=\":443\"; ma=2592000,h3-T051=\":443\"; ma=2592000,h3-Q050=\":443\"; ma=2592000,h3-Q046=\":443\"; ma=2592000,h3-Q043=\":443\"; ma=2592000,quic=\":443\"; ma=2592000; v=\"46,43\"","accept-ranges":"none","transfer-encoding":"chunked"}
[debug] [2021-05-23T17:57:42.634Z] >>> [apiv2][query] GET https://firebase.googleapis.com/v1beta1/projects pageSize=100
[debug] [2021-05-23T17:57:43.048Z] <<< [apiv2][status] GET https://firebase.googleapis.com/v1beta1/projects 200
[debug] [2021-05-23T17:57:43.049Z] <<< [apiv2][body] GET https://firebase.googleapis.com/v1beta1/projects [omitted]
[info] i  Using project oshop-7e082 (oshop) 
[info] 
=== Hosting Setup
[info] 
[info] Your public directory is the folder (relative to your project directory) that
[info] will contain Hosting assets to be uploaded with firebase deploy. If you
[info] have a build process for your assets, use your build's output directory.
[info] 
